The system is: Linux - 2.6.32-42-generic - i686
Compiling the C compiler identification source file "CMakeCCompilerId.c" succeeded.
Compiler: /usr/bin/gcc 
Build flags: 
Id flags: 

The output was:
0


Compilation of the C compiler identification source "CMakeCCompilerId.c" produced "a.out"

The C compiler identification is GNU, found in "/usr/local/robot/iCub/contrib/src/stereoVision/src/modules/CMakeFiles/CompilerIdC/a.out"

Compiling the CXX compiler identification source file "CMakeCXXCompilerId.cpp" succeeded.
Compiler: /usr/bin/c++ 
Build flags: 
Id flags: 

The output was:
0


Compilation of the CXX compiler identification source "CMakeCXXCompilerId.cpp" produced "a.out"

The CXX compiler identification is GNU, found in "/usr/local/robot/iCub/contrib/src/stereoVision/src/modules/CMakeFiles/CompilerIdCXX/a.out"

Determining if the C compiler works passed with the following output:
Change Dir: /usr/local/robot/iCub/contrib/src/stereoVision/src/modules/CMakeFiles/CMakeTmp

Run Build Command:/usr/bin/make "cmTryCompileExec967797166/fast"
/usr/bin/make -f CMakeFiles/cmTryCompileExec967797166.dir/build.make CMakeFiles/cmTryCompileExec967797166.dir/build
make[1]: Entering directory `/usr/local/robot/iCub/contrib/src/stereoVision/src/modules/CMakeFiles/CMakeTmp'
/usr/local/bin/cmake -E cmake_progress_report /usr/local/robot/iCub/contrib/src/stereoVision/src/modules/CMakeFiles/CMakeTmp/CMakeFiles 1
Building C object CMakeFiles/cmTryCompileExec967797166.dir/testCCompiler.c.o
/usr/bin/gcc    -o CMakeFiles/cmTryCompileExec967797166.dir/testCCompiler.c.o   -c /usr/local/robot/iCub/contrib/src/stereoVision/src/modules/CMakeFiles/CMakeTmp/testCCompiler.c
Linking C executable cmTryCompileExec967797166
/usr/local/bin/cmake -E cmake_link_script CMakeFiles/cmTryCompileExec967797166.dir/link.txt --verbose=1
/usr/bin/gcc         CMakeFiles/cmTryCompileExec967797166.dir/testCCompiler.c.o  -o cmTryCompileExec967797166 -rdynamic 
make[1]: Leaving directory `/usr/local/robot/iCub/contrib/src/stereoVision/src/modules/CMakeFiles/CMakeTmp'


Detecting C compiler ABI info compiled with the following output:
Change Dir: /usr/local/robot/iCub/contrib/src/stereoVision/src/modules/CMakeFiles/CMakeTmp

Run Build Command:/usr/bin/make "cmTryCompileExec215089705/fast"
/usr/bin/make -f CMakeFiles/cmTryCompileExec215089705.dir/build.make CMakeFiles/cmTryCompileExec215089705.dir/build
make[1]: Entering directory `/usr/local/robot/iCub/contrib/src/stereoVision/src/modules/CMakeFiles/CMakeTmp'
/usr/local/bin/cmake -E cmake_progress_report /usr/local/robot/iCub/contrib/src/stereoVision/src/modules/CMakeFiles/CMakeTmp/CMakeFiles 1
Building C object CMakeFiles/cmTryCompileExec215089705.dir/CMakeCCompilerABI.c.o
/usr/bin/gcc    -o CMakeFiles/cmTryCompileExec215089705.dir/CMakeCCompilerABI.c.o   -c /usr/local/share/cmake-2.8/Modules/CMakeCCompilerABI.c
Linking C executable cmTryCompileExec215089705
/usr/local/bin/cmake -E cmake_link_script CMakeFiles/cmTryCompileExec215089705.dir/link.txt --verbose=1
/usr/bin/gcc       -v CMakeFiles/cmTryCompileExec215089705.dir/CMakeCCompilerABI.c.o  -o cmTryCompileExec215089705 -rdynamic  
Using built-in specs.
Target: i486-linux-gnu
Configured with: ../src/configure -v --with-pkgversion='Ubuntu 4.4.3-4ubuntu5.1' --with-bugurl=file:///usr/share/doc/gcc-4.4/README.Bugs --enable-languages=c,c++,fortran,objc,obj-c++ --prefix=/usr --enable-shared --enable-multiarch --enable-linker-build-id --with-system-zlib --libexecdir=/usr/lib --without-included-gettext --enable-threads=posix --with-gxx-include-dir=/usr/include/c++/4.4 --program-suffix=-4.4 --enable-nls --enable-clocale=gnu --enable-libstdcxx-debug --enable-plugin --enable-objc-gc --enable-targets=all --disable-werror --with-arch-32=i486 --with-tune=generic --enable-checking=release --build=i486-linux-gnu --host=i486-linux-gnu --target=i486-linux-gnu
Thread model: posix
gcc version 4.4.3 (Ubuntu 4.4.3-4ubuntu5.1) 
COMPILER_PATH=/usr/lib/gcc/i486-linux-gnu/4.4.3/:/usr/lib/gcc/i486-linux-gnu/4.4.3/:/usr/lib/gcc/i486-linux-gnu/:/usr/lib/gcc/i486-linux-gnu/4.4.3/:/usr/lib/gcc/i486-linux-gnu/:/usr/lib/gcc/i486-linux-gnu/4.4.3/:/usr/lib/gcc/i486-linux-gnu/
LIBRARY_PATH=/usr/lib/gcc/i486-linux-gnu/4.4.3/:/usr/lib/gcc/i486-linux-gnu/4.4.3/:/usr/lib/gcc/i486-linux-gnu/4.4.3/../../../../lib/:/lib/../lib/:/usr/lib/../lib/:/usr/lib/gcc/i486-linux-gnu/4.4.3/../../../:/lib/:/usr/lib/:/usr/lib/i486-linux-gnu/
COLLECT_GCC_OPTIONS='-v' '-o' 'cmTryCompileExec215089705' '-rdynamic' '-mtune=generic' '-march=i486'
 /usr/lib/gcc/i486-linux-gnu/4.4.3/collect2 --build-id --eh-frame-hdr -m elf_i386 --hash-style=both -export-dynamic -dynamic-linker /lib/ld-linux.so.2 -o cmTryCompileExec215089705 -z relro /usr/lib/gcc/i486-linux-gnu/4.4.3/../../../../lib/crt1.o /usr/lib/gcc/i486-linux-gnu/4.4.3/../../../../lib/crti.o /usr/lib/gcc/i486-linux-gnu/4.4.3/crtbegin.o -L/usr/lib/gcc/i486-linux-gnu/4.4.3 -L/usr/lib/gcc/i486-linux-gnu/4.4.3 -L/usr/lib/gcc/i486-linux-gnu/4.4.3/../../../../lib -L/lib/../lib -L/usr/lib/../lib -L/usr/lib/gcc/i486-linux-gnu/4.4.3/../../.. -L/usr/lib/i486-linux-gnu CMakeFiles/cmTryCompileExec215089705.dir/CMakeCCompilerABI.c.o -lgcc --as-needed -lgcc_s --no-as-needed -lc -lgcc --as-needed -lgcc_s --no-as-needed /usr/lib/gcc/i486-linux-gnu/4.4.3/crtend.o /usr/lib/gcc/i486-linux-gnu/4.4.3/../../../../lib/crtn.o
make[1]: Leaving directory `/usr/local/robot/iCub/contrib/src/stereoVision/src/modules/CMakeFiles/CMakeTmp'


Parsed C implicit link information from above output:
  link line regex: [^( *|.*[/\])(ld|ld|collect2)[^/\]*( |$)]
  ignore line: [Change Dir: /usr/local/robot/iCub/contrib/src/stereoVision/src/modules/CMakeFiles/CMakeTmp]
  ignore line: []
  ignore line: [Run Build Command:/usr/bin/make "cmTryCompileExec215089705/fast"]
  ignore line: [/usr/bin/make -f CMakeFiles/cmTryCompileExec215089705.dir/build.make CMakeFiles/cmTryCompileExec215089705.dir/build]
  ignore line: [make[1]: Entering directory `/usr/local/robot/iCub/contrib/src/stereoVision/src/modules/CMakeFiles/CMakeTmp']
  ignore line: [/usr/local/bin/cmake -E cmake_progress_report /usr/local/robot/iCub/contrib/src/stereoVision/src/modules/CMakeFiles/CMakeTmp/CMakeFiles 1]
  ignore line: [Building C object CMakeFiles/cmTryCompileExec215089705.dir/CMakeCCompilerABI.c.o]
  ignore line: [/usr/bin/gcc    -o CMakeFiles/cmTryCompileExec215089705.dir/CMakeCCompilerABI.c.o   -c /usr/local/share/cmake-2.8/Modules/CMakeCCompilerABI.c]
  ignore line: [Linking C executable cmTryCompileExec215089705]
  ignore line: [/usr/local/bin/cmake -E cmake_link_script CMakeFiles/cmTryCompileExec215089705.dir/link.txt --verbose=1]
  ignore line: [/usr/bin/gcc       -v CMakeFiles/cmTryCompileExec215089705.dir/CMakeCCompilerABI.c.o  -o cmTryCompileExec215089705 -rdynamic  ]
  ignore line: [Using built-in specs.]
  ignore line: [Target: i486-linux-gnu]
  ignore line: [Configured with: ../src/configure -v --with-pkgversion='Ubuntu 4.4.3-4ubuntu5.1' --with-bugurl=file:///usr/share/doc/gcc-4.4/README.Bugs --enable-languages=c,c++,fortran,objc,obj-c++ --prefix=/usr --enable-shared --enable-multiarch --enable-linker-build-id --with-system-zlib --libexecdir=/usr/lib --without-included-gettext --enable-threads=posix --with-gxx-include-dir=/usr/include/c++/4.4 --program-suffix=-4.4 --enable-nls --enable-clocale=gnu --enable-libstdcxx-debug --enable-plugin --enable-objc-gc --enable-targets=all --disable-werror --with-arch-32=i486 --with-tune=generic --enable-checking=release --build=i486-linux-gnu --host=i486-linux-gnu --target=i486-linux-gnu]
  ignore line: [Thread model: posix]
  ignore line: [gcc version 4.4.3 (Ubuntu 4.4.3-4ubuntu5.1) ]
  ignore line: [COMPILER_PATH=/usr/lib/gcc/i486-linux-gnu/4.4.3/:/usr/lib/gcc/i486-linux-gnu/4.4.3/:/usr/lib/gcc/i486-linux-gnu/:/usr/lib/gcc/i486-linux-gnu/4.4.3/:/usr/lib/gcc/i486-linux-gnu/:/usr/lib/gcc/i486-linux-gnu/4.4.3/:/usr/lib/gcc/i486-linux-gnu/]
  ignore line: [LIBRARY_PATH=/usr/lib/gcc/i486-linux-gnu/4.4.3/:/usr/lib/gcc/i486-linux-gnu/4.4.3/:/usr/lib/gcc/i486-linux-gnu/4.4.3/../../../../lib/:/lib/../lib/:/usr/lib/../lib/:/usr/lib/gcc/i486-linux-gnu/4.4.3/../../../:/lib/:/usr/lib/:/usr/lib/i486-linux-gnu/]
  ignore line: [COLLECT_GCC_OPTIONS='-v' '-o' 'cmTryCompileExec215089705' '-rdynamic' '-mtune=generic' '-march=i486']
  link line: [ /usr/lib/gcc/i486-linux-gnu/4.4.3/collect2 --build-id --eh-frame-hdr -m elf_i386 --hash-style=both -export-dynamic -dynamic-linker /lib/ld-linux.so.2 -o cmTryCompileExec215089705 -z relro /usr/lib/gcc/i486-linux-gnu/4.4.3/../../../../lib/crt1.o /usr/lib/gcc/i486-linux-gnu/4.4.3/../../../../lib/crti.o /usr/lib/gcc/i486-linux-gnu/4.4.3/crtbegin.o -L/usr/lib/gcc/i486-linux-gnu/4.4.3 -L/usr/lib/gcc/i486-linux-gnu/4.4.3 -L/usr/lib/gcc/i486-linux-gnu/4.4.3/../../../../lib -L/lib/../lib -L/usr/lib/../lib -L/usr/lib/gcc/i486-linux-gnu/4.4.3/../../.. -L/usr/lib/i486-linux-gnu CMakeFiles/cmTryCompileExec215089705.dir/CMakeCCompilerABI.c.o -lgcc --as-needed -lgcc_s --no-as-needed -lc -lgcc --as-needed -lgcc_s --no-as-needed /usr/lib/gcc/i486-linux-gnu/4.4.3/crtend.o /usr/lib/gcc/i486-linux-gnu/4.4.3/../../../../lib/crtn.o]
    arg [/usr/lib/gcc/i486-linux-gnu/4.4.3/collect2] ==> ignore
    arg [--build-id] ==> ignore
    arg [--eh-frame-hdr] ==> ignore
    arg [-m] ==> ignore
    arg [elf_i386] ==> ignore
    arg [--hash-style=both] ==> ignore
    arg [-export-dynamic] ==> ignore
    arg [-dynamic-linker] ==> ignore
    arg [/lib/ld-linux.so.2] ==> ignore
    arg [-o] ==> ignore
    arg [cmTryCompileExec215089705] ==> ignore
    arg [-zrelro] ==> ignore
    arg [/usr/lib/gcc/i486-linux-gnu/4.4.3/../../../../lib/crt1.o] ==> ignore
    arg [/usr/lib/gcc/i486-linux-gnu/4.4.3/../../../../lib/crti.o] ==> ignore
    arg [/usr/lib/gcc/i486-linux-gnu/4.4.3/crtbegin.o] ==> ignore
    arg [-L/usr/lib/gcc/i486-linux-gnu/4.4.3] ==> dir [/usr/lib/gcc/i486-linux-gnu/4.4.3]
    arg [-L/usr/lib/gcc/i486-linux-gnu/4.4.3] ==> dir [/usr/lib/gcc/i486-linux-gnu/4.4.3]
    arg [-L/usr/lib/gcc/i486-linux-gnu/4.4.3/../../../../lib] ==> dir [/usr/lib/gcc/i486-linux-gnu/4.4.3/../../../../lib]
    arg [-L/lib/../lib] ==> dir [/lib/../lib]
    arg [-L/usr/lib/../lib] ==> dir [/usr/lib/../lib]
    arg [-L/usr/lib/gcc/i486-linux-gnu/4.4.3/../../..] ==> dir [/usr/lib/gcc/i486-linux-gnu/4.4.3/../../..]
    arg [-L/usr/lib/i486-linux-gnu] ==> dir [/usr/lib/i486-linux-gnu]
    arg [CMakeFiles/cmTryCompileExec215089705.dir/CMakeCCompilerABI.c.o] ==> ignore
    arg [-lgcc] ==> lib [gcc]
    arg [--as-needed] ==> ignore
    arg [-lgcc_s] ==> lib [gcc_s]
    arg [--no-as-needed] ==> ignore
    arg [-lc] ==> lib [c]
    arg [-lgcc] ==> lib [gcc]
    arg [--as-needed] ==> ignore
    arg [-lgcc_s] ==> lib [gcc_s]
    arg [--no-as-needed] ==> ignore
    arg [/usr/lib/gcc/i486-linux-gnu/4.4.3/crtend.o] ==> ignore
    arg [/usr/lib/gcc/i486-linux-gnu/4.4.3/../../../../lib/crtn.o] ==> ignore
  remove lib [gcc]
  remove lib [gcc_s]
  remove lib [gcc]
  remove lib [gcc_s]
  collapse dir [/usr/lib/gcc/i486-linux-gnu/4.4.3] ==> [/usr/lib/gcc/i486-linux-gnu/4.4.3]
  collapse dir [/usr/lib/gcc/i486-linux-gnu/4.4.3] ==> [/usr/lib/gcc/i486-linux-gnu/4.4.3]
  collapse dir [/usr/lib/gcc/i486-linux-gnu/4.4.3/../../../../lib] ==> [/usr/lib]
  collapse dir [/lib/../lib] ==> [/lib]
  collapse dir [/usr/lib/../lib] ==> [/usr/lib]
  collapse dir [/usr/lib/gcc/i486-linux-gnu/4.4.3/../../..] ==> [/usr/lib]
  collapse dir [/usr/lib/i486-linux-gnu] ==> [/usr/lib/i486-linux-gnu]
  implicit libs: [c]
  implicit dirs: [/usr/lib/gcc/i486-linux-gnu/4.4.3;/usr/lib;/lib;/usr/lib/i486-linux-gnu]


Determining if the CXX compiler works passed with the following output:
Change Dir: /usr/local/robot/iCub/contrib/src/stereoVision/src/modules/CMakeFiles/CMakeTmp

Run Build Command:/usr/bin/make "cmTryCompileExec4133842780/fast"
/usr/bin/make -f CMakeFiles/cmTryCompileExec4133842780.dir/build.make CMakeFiles/cmTryCompileExec4133842780.dir/build
make[1]: Entering directory `/usr/local/robot/iCub/contrib/src/stereoVision/src/modules/CMakeFiles/CMakeTmp'
/usr/local/bin/cmake -E cmake_progress_report /usr/local/robot/iCub/contrib/src/stereoVision/src/modules/CMakeFiles/CMakeTmp/CMakeFiles 1
Building CXX object CMakeFiles/cmTryCompileExec4133842780.dir/testCXXCompiler.cxx.o
/usr/bin/c++     -o CMakeFiles/cmTryCompileExec4133842780.dir/testCXXCompiler.cxx.o -c /usr/local/robot/iCub/contrib/src/stereoVision/src/modules/CMakeFiles/CMakeTmp/testCXXCompiler.cxx
Linking CXX executable cmTryCompileExec4133842780
/usr/local/bin/cmake -E cmake_link_script CMakeFiles/cmTryCompileExec4133842780.dir/link.txt --verbose=1
/usr/bin/c++          CMakeFiles/cmTryCompileExec4133842780.dir/testCXXCompiler.cxx.o  -o cmTryCompileExec4133842780 -rdynamic 
make[1]: Leaving directory `/usr/local/robot/iCub/contrib/src/stereoVision/src/modules/CMakeFiles/CMakeTmp'


Detecting CXX compiler ABI info compiled with the following output:
Change Dir: /usr/local/robot/iCub/contrib/src/stereoVision/src/modules/CMakeFiles/CMakeTmp

Run Build Command:/usr/bin/make "cmTryCompileExec1940592371/fast"
/usr/bin/make -f CMakeFiles/cmTryCompileExec1940592371.dir/build.make CMakeFiles/cmTryCompileExec1940592371.dir/build
make[1]: Entering directory `/usr/local/robot/iCub/contrib/src/stereoVision/src/modules/CMakeFiles/CMakeTmp'
/usr/local/bin/cmake -E cmake_progress_report /usr/local/robot/iCub/contrib/src/stereoVision/src/modules/CMakeFiles/CMakeTmp/CMakeFiles 1
Building CXX object CMakeFiles/cmTryCompileExec1940592371.dir/CMakeCXXCompilerABI.cpp.o
/usr/bin/c++     -o CMakeFiles/cmTryCompileExec1940592371.dir/CMakeCXXCompilerABI.cpp.o -c /usr/local/share/cmake-2.8/Modules/CMakeCXXCompilerABI.cpp
Linking CXX executable cmTryCompileExec1940592371
/usr/local/bin/cmake -E cmake_link_script CMakeFiles/cmTryCompileExec1940592371.dir/link.txt --verbose=1
/usr/bin/c++        -v CMakeFiles/cmTryCompileExec1940592371.dir/CMakeCXXCompilerABI.cpp.o  -o cmTryCompileExec1940592371 -rdynamic  
Using built-in specs.
Target: i486-linux-gnu
Configured with: ../src/configure -v --with-pkgversion='Ubuntu 4.4.3-4ubuntu5.1' --with-bugurl=file:///usr/share/doc/gcc-4.4/README.Bugs --enable-languages=c,c++,fortran,objc,obj-c++ --prefix=/usr --enable-shared --enable-multiarch --enable-linker-build-id --with-system-zlib --libexecdir=/usr/lib --without-included-gettext --enable-threads=posix --with-gxx-include-dir=/usr/include/c++/4.4 --program-suffix=-4.4 --enable-nls --enable-clocale=gnu --enable-libstdcxx-debug --enable-plugin --enable-objc-gc --enable-targets=all --disable-werror --with-arch-32=i486 --with-tune=generic --enable-checking=release --build=i486-linux-gnu --host=i486-linux-gnu --target=i486-linux-gnu
Thread model: posix
gcc version 4.4.3 (Ubuntu 4.4.3-4ubuntu5.1) 
COMPILER_PATH=/usr/lib/gcc/i486-linux-gnu/4.4.3/:/usr/lib/gcc/i486-linux-gnu/4.4.3/:/usr/lib/gcc/i486-linux-gnu/:/usr/lib/gcc/i486-linux-gnu/4.4.3/:/usr/lib/gcc/i486-linux-gnu/:/usr/lib/gcc/i486-linux-gnu/4.4.3/:/usr/lib/gcc/i486-linux-gnu/
LIBRARY_PATH=/usr/lib/gcc/i486-linux-gnu/4.4.3/:/usr/lib/gcc/i486-linux-gnu/4.4.3/:/usr/lib/gcc/i486-linux-gnu/4.4.3/../../../../lib/:/lib/../lib/:/usr/lib/../lib/:/usr/lib/gcc/i486-linux-gnu/4.4.3/../../../:/lib/:/usr/lib/:/usr/lib/i486-linux-gnu/
COLLECT_GCC_OPTIONS='-v' '-o' 'cmTryCompileExec1940592371' '-rdynamic' '-shared-libgcc' '-mtune=generic' '-march=i486'
 /usr/lib/gcc/i486-linux-gnu/4.4.3/collect2 --build-id --eh-frame-hdr -m elf_i386 --hash-style=both -export-dynamic -dynamic-linker /lib/ld-linux.so.2 -o cmTryCompileExec1940592371 -z relro /usr/lib/gcc/i486-linux-gnu/4.4.3/../../../../lib/crt1.o /usr/lib/gcc/i486-linux-gnu/4.4.3/../../../../lib/crti.o /usr/lib/gcc/i486-linux-gnu/4.4.3/crtbegin.o -L/usr/lib/gcc/i486-linux-gnu/4.4.3 -L/usr/lib/gcc/i486-linux-gnu/4.4.3 -L/usr/lib/gcc/i486-linux-gnu/4.4.3/../../../../lib -L/lib/../lib -L/usr/lib/../lib -L/usr/lib/gcc/i486-linux-gnu/4.4.3/../../.. -L/usr/lib/i486-linux-gnu CMakeFiles/cmTryCompileExec1940592371.dir/CMakeCXXCompilerABI.cpp.o -lstdc++ -lm -lgcc_s -lgcc -lc -lgcc_s -lgcc /usr/lib/gcc/i486-linux-gnu/4.4.3/crtend.o /usr/lib/gcc/i486-linux-gnu/4.4.3/../../../../lib/crtn.o
make[1]: Leaving directory `/usr/local/robot/iCub/contrib/src/stereoVision/src/modules/CMakeFiles/CMakeTmp'


Parsed CXX implicit link information from above output:
  link line regex: [^( *|.*[/\])(ld|ld|collect2)[^/\]*( |$)]
  ignore line: [Change Dir: /usr/local/robot/iCub/contrib/src/stereoVision/src/modules/CMakeFiles/CMakeTmp]
  ignore line: []
  ignore line: [Run Build Command:/usr/bin/make "cmTryCompileExec1940592371/fast"]
  ignore line: [/usr/bin/make -f CMakeFiles/cmTryCompileExec1940592371.dir/build.make CMakeFiles/cmTryCompileExec1940592371.dir/build]
  ignore line: [make[1]: Entering directory `/usr/local/robot/iCub/contrib/src/stereoVision/src/modules/CMakeFiles/CMakeTmp']
  ignore line: [/usr/local/bin/cmake -E cmake_progress_report /usr/local/robot/iCub/contrib/src/stereoVision/src/modules/CMakeFiles/CMakeTmp/CMakeFiles 1]
  ignore line: [Building CXX object CMakeFiles/cmTryCompileExec1940592371.dir/CMakeCXXCompilerABI.cpp.o]
  ignore line: [/usr/bin/c++     -o CMakeFiles/cmTryCompileExec1940592371.dir/CMakeCXXCompilerABI.cpp.o -c /usr/local/share/cmake-2.8/Modules/CMakeCXXCompilerABI.cpp]
  ignore line: [Linking CXX executable cmTryCompileExec1940592371]
  ignore line: [/usr/local/bin/cmake -E cmake_link_script CMakeFiles/cmTryCompileExec1940592371.dir/link.txt --verbose=1]
  ignore line: [/usr/bin/c++        -v CMakeFiles/cmTryCompileExec1940592371.dir/CMakeCXXCompilerABI.cpp.o  -o cmTryCompileExec1940592371 -rdynamic  ]
  ignore line: [Using built-in specs.]
  ignore line: [Target: i486-linux-gnu]
  ignore line: [Configured with: ../src/configure -v --with-pkgversion='Ubuntu 4.4.3-4ubuntu5.1' --with-bugurl=file:///usr/share/doc/gcc-4.4/README.Bugs --enable-languages=c,c++,fortran,objc,obj-c++ --prefix=/usr --enable-shared --enable-multiarch --enable-linker-build-id --with-system-zlib --libexecdir=/usr/lib --without-included-gettext --enable-threads=posix --with-gxx-include-dir=/usr/include/c++/4.4 --program-suffix=-4.4 --enable-nls --enable-clocale=gnu --enable-libstdcxx-debug --enable-plugin --enable-objc-gc --enable-targets=all --disable-werror --with-arch-32=i486 --with-tune=generic --enable-checking=release --build=i486-linux-gnu --host=i486-linux-gnu --target=i486-linux-gnu]
  ignore line: [Thread model: posix]
  ignore line: [gcc version 4.4.3 (Ubuntu 4.4.3-4ubuntu5.1) ]
  ignore line: [COMPILER_PATH=/usr/lib/gcc/i486-linux-gnu/4.4.3/:/usr/lib/gcc/i486-linux-gnu/4.4.3/:/usr/lib/gcc/i486-linux-gnu/:/usr/lib/gcc/i486-linux-gnu/4.4.3/:/usr/lib/gcc/i486-linux-gnu/:/usr/lib/gcc/i486-linux-gnu/4.4.3/:/usr/lib/gcc/i486-linux-gnu/]
  ignore line: [LIBRARY_PATH=/usr/lib/gcc/i486-linux-gnu/4.4.3/:/usr/lib/gcc/i486-linux-gnu/4.4.3/:/usr/lib/gcc/i486-linux-gnu/4.4.3/../../../../lib/:/lib/../lib/:/usr/lib/../lib/:/usr/lib/gcc/i486-linux-gnu/4.4.3/../../../:/lib/:/usr/lib/:/usr/lib/i486-linux-gnu/]
  ignore line: [COLLECT_GCC_OPTIONS='-v' '-o' 'cmTryCompileExec1940592371' '-rdynamic' '-shared-libgcc' '-mtune=generic' '-march=i486']
  link line: [ /usr/lib/gcc/i486-linux-gnu/4.4.3/collect2 --build-id --eh-frame-hdr -m elf_i386 --hash-style=both -export-dynamic -dynamic-linker /lib/ld-linux.so.2 -o cmTryCompileExec1940592371 -z relro /usr/lib/gcc/i486-linux-gnu/4.4.3/../../../../lib/crt1.o /usr/lib/gcc/i486-linux-gnu/4.4.3/../../../../lib/crti.o /usr/lib/gcc/i486-linux-gnu/4.4.3/crtbegin.o -L/usr/lib/gcc/i486-linux-gnu/4.4.3 -L/usr/lib/gcc/i486-linux-gnu/4.4.3 -L/usr/lib/gcc/i486-linux-gnu/4.4.3/../../../../lib -L/lib/../lib -L/usr/lib/../lib -L/usr/lib/gcc/i486-linux-gnu/4.4.3/../../.. -L/usr/lib/i486-linux-gnu CMakeFiles/cmTryCompileExec1940592371.dir/CMakeCXXCompilerABI.cpp.o -lstdc++ -lm -lgcc_s -lgcc -lc -lgcc_s -lgcc /usr/lib/gcc/i486-linux-gnu/4.4.3/crtend.o /usr/lib/gcc/i486-linux-gnu/4.4.3/../../../../lib/crtn.o]
    arg [/usr/lib/gcc/i486-linux-gnu/4.4.3/collect2] ==> ignore
    arg [--build-id] ==> ignore
    arg [--eh-frame-hdr] ==> ignore
    arg [-m] ==> ignore
    arg [elf_i386] ==> ignore
    arg [--hash-style=both] ==> ignore
    arg [-export-dynamic] ==> ignore
    arg [-dynamic-linker] ==> ignore
    arg [/lib/ld-linux.so.2] ==> ignore
    arg [-o] ==> ignore
    arg [cmTryCompileExec1940592371] ==> ignore
    arg [-zrelro] ==> ignore
    arg [/usr/lib/gcc/i486-linux-gnu/4.4.3/../../../../lib/crt1.o] ==> ignore
    arg [/usr/lib/gcc/i486-linux-gnu/4.4.3/../../../../lib/crti.o] ==> ignore
    arg [/usr/lib/gcc/i486-linux-gnu/4.4.3/crtbegin.o] ==> ignore
    arg [-L/usr/lib/gcc/i486-linux-gnu/4.4.3] ==> dir [/usr/lib/gcc/i486-linux-gnu/4.4.3]
    arg [-L/usr/lib/gcc/i486-linux-gnu/4.4.3] ==> dir [/usr/lib/gcc/i486-linux-gnu/4.4.3]
    arg [-L/usr/lib/gcc/i486-linux-gnu/4.4.3/../../../../lib] ==> dir [/usr/lib/gcc/i486-linux-gnu/4.4.3/../../../../lib]
    arg [-L/lib/../lib] ==> dir [/lib/../lib]
    arg [-L/usr/lib/../lib] ==> dir [/usr/lib/../lib]
    arg [-L/usr/lib/gcc/i486-linux-gnu/4.4.3/../../..] ==> dir [/usr/lib/gcc/i486-linux-gnu/4.4.3/../../..]
    arg [-L/usr/lib/i486-linux-gnu] ==> dir [/usr/lib/i486-linux-gnu]
    arg [CMakeFiles/cmTryCompileExec1940592371.dir/CMakeCXXCompilerABI.cpp.o] ==> ignore
    arg [-lstdc++] ==> lib [stdc++]
    arg [-lm] ==> lib [m]
    arg [-lgcc_s] ==> lib [gcc_s]
    arg [-lgcc] ==> lib [gcc]
    arg [-lc] ==> lib [c]
    arg [-lgcc_s] ==> lib [gcc_s]
    arg [-lgcc] ==> lib [gcc]
    arg [/usr/lib/gcc/i486-linux-gnu/4.4.3/crtend.o] ==> ignore
    arg [/usr/lib/gcc/i486-linux-gnu/4.4.3/../../../../lib/crtn.o] ==> ignore
  remove lib [gcc_s]
  remove lib [gcc]
  remove lib [gcc_s]
  remove lib [gcc]
  collapse dir [/usr/lib/gcc/i486-linux-gnu/4.4.3] ==> [/usr/lib/gcc/i486-linux-gnu/4.4.3]
  collapse dir [/usr/lib/gcc/i486-linux-gnu/4.4.3] ==> [/usr/lib/gcc/i486-linux-gnu/4.4.3]
  collapse dir [/usr/lib/gcc/i486-linux-gnu/4.4.3/../../../../lib] ==> [/usr/lib]
  collapse dir [/lib/../lib] ==> [/lib]
  collapse dir [/usr/lib/../lib] ==> [/usr/lib]
  collapse dir [/usr/lib/gcc/i486-linux-gnu/4.4.3/../../..] ==> [/usr/lib]
  collapse dir [/usr/lib/i486-linux-gnu] ==> [/usr/lib/i486-linux-gnu]
  implicit libs: [stdc++;m;c]
  implicit dirs: [/usr/lib/gcc/i486-linux-gnu/4.4.3;/usr/lib;/lib;/usr/lib/i486-linux-gnu]


